TN:
SF:src/components/CompletedTasks/CompletedTasks.tsx
FN:16,CompletedTasks
FN:20,handleDrop
FN:24,handleToggle
FN:34,drop
FN:52,onChange
FNF:5
FNH:3
FNDA:5,CompletedTasks
FNDA:0,handleDrop
FNDA:2,handleToggle
FNDA:0,drop
FNDA:2,onChange
DA:1,1
DA:2,1
DA:3,1
DA:4,1
DA:5,1
DA:7,1
DA:8,1
DA:9,1
DA:16,1
DA:17,5
DA:18,5
DA:20,5
DA:21,0
DA:22,0
DA:24,5
DA:25,2
DA:26,1
DA:27,1
DA:28,1
DA:29,1
DA:30,2
DA:32,5
DA:33,5
DA:34,5
DA:35,0
DA:36,0
DA:37,5
DA:39,5
DA:41,5
DA:43,5
DA:44,5
DA:45,5
DA:46,5
DA:47,5
DA:48,4
DA:49,8
DA:50,8
DA:51,8
DA:52,8
DA:53,8
DA:54,8
DA:55,8
DA:56,8
DA:57,4
DA:59,1
DA:61,5
DA:62,5
DA:64,5
LF:48
LH:44
BRDA:16,0,0,5
BRDA:47,1,0,4
BRDA:57,2,0,1
BRDA:24,3,0,2
BRDA:25,4,0,1
BRDA:41,5,0,8
BRDA:48,6,0,8
BRDA:52,7,0,2
BRF:8
BRH:8
end_of_record
